2020/10/27 12:46:07 Initialized logging ...
2020/10/27 12:46:07 No private environment loaded from '.env': open : no such file or directory
2020/10/27 12:46:07 Starting up with config dir: ., and install dir: /opt/gopherbot
2020/10/27 12:46:07 Privilege separation initialized; daemon UID 1000, unprivileged UID 65534; thread 1828 r/euid: 65534/1000
2020/10/27 12:46:07 Info: Successfully decrypted binary encryption key 'binary-encrypted-key'
2020/10/27 12:46:07 Info: Loaded module 'file': history/file.so
2020/10/27 12:46:07 Info: Registering history 'file' from loadable module 'history/file.so'
2020/10/27 12:46:07 Info: Set timezone: America/New_York
2020/10/27 12:46:07 Info: Initialized file history provider with directory: 'history'
2020/10/27 12:46:07 Info: Loading configuration for plugin 'builtin-logging', type taskGo
2020/10/27 12:46:07 Info: Plugin 'builtin-logging' will be available in channels ["general" "data-jobs"]
2020/10/27 12:46:07 Info: Loading configuration for plugin 'builtin-history', type taskGo
2020/10/27 12:46:07 Info: Plugin 'builtin-history' has no channel restrictions configured; all channels: true
2020/10/27 12:46:07 Info: Loading configuration for plugin 'builtin-jobcmd', type taskGo
2020/10/27 12:46:07 Info: Plugin 'builtin-jobcmd' has no channel restrictions configured; all channels: true
2020/10/27 12:46:07 Info: Loading configuration for plugin 'groups', type taskGo
2020/10/27 12:46:07 Info: Plugin/Job 'groups' is disabled by configuration
2020/10/27 12:46:07 Info: Loading configuration for plugin 'help', type taskGo
2020/10/27 12:46:07 Info: Plugin 'help' has no channel restrictions configured; all channels: true
2020/10/27 12:46:07 Info: Loading configuration for plugin 'links', type taskGo
2020/10/27 12:46:07 Info: Plugin 'links' will be available in channels ["general" "data-jobs"]
2020/10/27 12:46:07 Info: Loading configuration for plugin 'lists', type taskGo
2020/10/27 12:46:07 Info: Plugin 'lists' will be available in channels ["general" "data-jobs"]
2020/10/27 12:46:07 Info: Loading configuration for plugin 'builtin-admin', type taskGo
2020/10/27 12:46:07 Info: Plugin 'builtin-admin' has no channel restrictions configured; all channels: true
2020/10/27 12:46:07 Info: Loading configuration for plugin 'builtin-help', type taskGo
2020/10/27 12:46:07 Info: Plugin 'builtin-help' has no channel restrictions configured; all channels: true
2020/10/27 12:46:07 Info: Loading configuration for plugin 'ping', type taskGo
2020/10/27 12:46:07 Info: Plugin 'ping' has no channel restrictions configured; all channels: true
2020/10/27 12:46:07 Info: Loading configuration for plugin 'builtin-dmadmin', type taskGo
2020/10/27 12:46:07 Info: Plugin 'builtin-dmadmin' will be available in channels ["general" "data-jobs"]
2020/10/27 12:46:07 Info: Loading configuration for job 'pause-notifies', type taskGo
2020/10/27 12:46:07 Info: Job 'pause-notifies' will run in channel 'general'
2020/10/27 12:46:07 Info: Loading configuration for plugin 'ssh-admin', type taskExternal
2020/10/27 12:46:07 Info: Plugin 'ssh-admin' will be available in channels ["general" "data-jobs"]
2020/10/27 12:46:07 Info: Loading configuration for plugin 'accord', type taskExternal
2020/10/27 12:46:08 Info: Plugin 'accord' will be available in channels ["general" "data-jobs"]
2020/10/27 12:46:08 Info: Loading configuration for plugin 'admin', type taskExternal
2020/10/27 12:46:08 Info: Plugin 'admin' has no channel restrictions configured; all channels: true
2020/10/27 12:46:08 Info: Loading configuration for plugin 'bootstrap', type taskExternal
2020/10/27 12:46:08 Info: Plugin 'bootstrap' will be available in channels ["general" "data-jobs"]
2020/10/27 12:46:08 Info: Loading configuration for plugin 'citools', type taskExternal
2020/10/27 12:46:08 Info: Plugin 'citools' will be available in channels ["general" "data-jobs"]
2020/10/27 12:46:08 Info: Loading configuration for job 'backup', type taskExternal
2020/10/27 12:46:08 Info: Job 'backup' will run in channel 'general'
2020/10/27 12:46:08 Info: Loading configuration for job 'gopherci', type taskExternal
2020/10/27 12:46:08 Info: Job 'gopherci' will run in channel 'general'
2020/10/27 12:46:08 Info: Loading configuration for job 'localbuild', type taskExternal
2020/10/27 12:46:08 Info: Job 'localbuild' will run in channel 'general'
2020/10/27 12:46:08 Info: Loading configuration for job 'logrotate', type taskExternal
2020/10/27 12:46:08 Info: Job 'logrotate' will run in channel 'general'
2020/10/27 12:46:08 Info: Loading configuration for job 'restore', type taskExternal
2020/10/27 12:46:08 Info: Job 'restore' will run in channel 'general'
2020/10/27 12:46:08 Info: Loading configuration for job 'save', type taskExternal
2020/10/27 12:46:08 Info: Job 'save' will run in channel 'general'
2020/10/27 12:46:08 Info: Loading configuration for job 'ssh-job', type taskExternal
2020/10/27 12:46:08 Info: Job 'ssh-job' will run in channel 'general'
2020/10/27 12:46:08 Info: Loading configuration for job 'updatecfg', type taskExternal
2020/10/27 12:46:08 Info: Job 'updatecfg' will run in channel 'general'
2020/10/27 12:46:08 Info: Initialized file-backed brain with memories directory: 'state/brain'
2020/10/27 12:46:08 Info: Initialized brain provider 'file'
2020/10/27 12:46:08 Info: Listening for external plugin connections on http://127.0.0.1:43185
2020/10/27 12:46:08 Info: Set timezone: America/New_York
2020/10/27 12:46:08 Info: Loading configuration for plugin 'builtin-dmadmin', type taskGo
2020/10/27 12:46:08 Info: Plugin 'builtin-dmadmin' will be available in channels ["general" "data-jobs"]
2020/10/27 12:46:08 Info: Loading configuration for plugin 'builtin-help', type taskGo
2020/10/27 12:46:08 Info: Plugin 'builtin-help' has no channel restrictions configured; all channels: true
2020/10/27 12:46:08 Info: Loading configuration for plugin 'ping', type taskGo
2020/10/27 12:46:08 Info: Plugin 'ping' has no channel restrictions configured; all channels: true
2020/10/27 12:46:08 Info: Loading configuration for plugin 'builtin-jobcmd', type taskGo
2020/10/27 12:46:08 Info: Plugin 'builtin-jobcmd' has no channel restrictions configured; all channels: true
2020/10/27 12:46:08 Info: Loading configuration for plugin 'help', type taskGo
2020/10/27 12:46:08 Info: Plugin 'help' has no channel restrictions configured; all channels: true
2020/10/27 12:46:08 Info: Loading configuration for plugin 'links', type taskGo
2020/10/27 12:46:08 Info: Plugin 'links' will be available in channels ["general" "data-jobs"]
2020/10/27 12:46:08 Info: Loading configuration for plugin 'lists', type taskGo
2020/10/27 12:46:08 Info: Plugin 'lists' will be available in channels ["general" "data-jobs"]
2020/10/27 12:46:08 Info: Loading configuration for plugin 'builtin-admin', type taskGo
2020/10/27 12:46:08 Info: Plugin 'builtin-admin' has no channel restrictions configured; all channels: true
2020/10/27 12:46:08 Info: Loading configuration for plugin 'builtin-logging', type taskGo
2020/10/27 12:46:08 Info: Plugin 'builtin-logging' will be available in channels ["general" "data-jobs"]
2020/10/27 12:46:08 Info: Loading configuration for plugin 'builtin-history', type taskGo
2020/10/27 12:46:08 Info: Plugin 'builtin-history' has no channel restrictions configured; all channels: true
2020/10/27 12:46:08 Info: Loading configuration for job 'pause-notifies', type taskGo
2020/10/27 12:46:08 Info: Job 'pause-notifies' will run in channel 'general'
2020/10/27 12:46:08 Info: Loading configuration for plugin 'admin', type taskExternal
2020/10/27 12:46:08 Info: Plugin 'admin' has no channel restrictions configured; all channels: true
2020/10/27 12:46:08 Info: Loading configuration for plugin 'bootstrap', type taskExternal
2020/10/27 12:46:08 Info: Plugin 'bootstrap' will be available in channels ["general" "data-jobs"]
2020/10/27 12:46:08 Info: Loading configuration for plugin 'citools', type taskExternal
2020/10/27 12:46:08 Info: Plugin 'citools' will be available in channels ["general" "data-jobs"]
2020/10/27 12:46:08 Info: Loading configuration for plugin 'ssh-admin', type taskExternal
2020/10/27 12:46:08 Info: Plugin 'ssh-admin' will be available in channels ["general" "data-jobs"]
2020/10/27 12:46:08 Info: Loading configuration for plugin 'accord', type taskExternal
2020/10/27 12:46:08 Info: Plugin 'accord' will be available in channels ["general" "data-jobs"]
2020/10/27 12:46:08 Info: Loading configuration for job 'logrotate', type taskExternal
2020/10/27 12:46:08 Info: Job 'logrotate' will run in channel 'general'
2020/10/27 12:46:08 Info: Loading configuration for job 'restore', type taskExternal
2020/10/27 12:46:08 Info: Job 'restore' will run in channel 'general'
2020/10/27 12:46:08 Info: Loading configuration for job 'save', type taskExternal
2020/10/27 12:46:08 Info: Job 'save' will run in channel 'general'
2020/10/27 12:46:08 Info: Loading configuration for job 'ssh-job', type taskExternal
2020/10/27 12:46:08 Info: Job 'ssh-job' will run in channel 'general'
2020/10/27 12:46:08 Info: Loading configuration for job 'updatecfg', type taskExternal
2020/10/27 12:46:08 Info: Job 'updatecfg' will run in channel 'general'
2020/10/27 12:46:08 Info: Loading configuration for job 'backup', type taskExternal
2020/10/27 12:46:08 Info: Job 'backup' will run in channel 'general'
2020/10/27 12:46:08 Info: Loading configuration for job 'gopherci', type taskExternal
2020/10/27 12:46:08 Info: Job 'gopherci' will run in channel 'general'
2020/10/27 12:46:08 Info: Loading configuration for job 'localbuild', type taskExternal
2020/10/27 12:46:08 Info: Job 'localbuild' will run in channel 'general'
2020/10/27 12:46:08 Info: Scheduling tasks in TimeZone: America/New_York
2020/10/27 12:46:08 Info: Initializing plugin: builtin-dmadmin
2020/10/27 12:46:08 Info: Initializing plugin: builtin-help
2020/10/27 12:46:08 Info: Initializing plugin: ping
2020/10/27 12:46:08 Info: Initializing plugin: builtin-jobcmd
2020/10/27 12:46:08 Info: Initializing plugin: help
2020/10/27 12:46:08 Info: Initializing plugin: links
2020/10/27 12:46:08 Info: Initializing plugin: lists
2020/10/27 12:46:08 Info: Initializing plugin: builtin-admin
2020/10/27 12:46:08 Info: Initializing plugin: builtin-logging
2020/10/27 12:46:08 Info: Initializing plugin: builtin-history
2020/10/27 12:46:08 Info: Initializing plugin: admin
2020/10/27 12:46:08 Info: Initializing plugin: bootstrap
2020/10/27 12:46:08 Info: Initializing plugin: citools
2020/10/27 12:46:08 Info: Initializing plugin: ssh-admin
2020/10/27 12:46:08 Info: Initializing plugin: accord
2020/10/27 12:46:08 Info: Robot is initialized and running
2020/10/27 12:49:14 Initialized logging ...
2020/10/27 12:49:14 No private environment loaded from '.env': open : no such file or directory
2020/10/27 12:49:14 Starting up with config dir: ., and install dir: /opt/gopherbot
2020/10/27 12:49:14 Privilege separation initialized; daemon UID 1000, unprivileged UID 65534; thread 2047 r/euid: 65534/1000
2020/10/27 12:49:14 Info: Successfully decrypted binary encryption key 'binary-encrypted-key'
2020/10/27 12:49:14 Info: Loaded module 'file': history/file.so
2020/10/27 12:49:14 Info: Registering history 'file' from loadable module 'history/file.so'
2020/10/27 12:49:14 Info: Set timezone: America/New_York
2020/10/27 12:49:14 Info: Initialized file history provider with directory: 'history'
2020/10/27 12:49:14 Info: Loading configuration for plugin 'builtin-logging', type taskGo
2020/10/27 12:49:14 Info: Plugin 'builtin-logging' will be available in channels ["general" "data-jobs"]
2020/10/27 12:49:14 Info: Loading configuration for plugin 'groups', type taskGo
2020/10/27 12:49:14 Info: Plugin/Job 'groups' is disabled by configuration
2020/10/27 12:49:14 Info: Loading configuration for plugin 'builtin-admin', type taskGo
2020/10/27 12:49:14 Info: Plugin 'builtin-admin' has no channel restrictions configured; all channels: true
2020/10/27 12:49:14 Info: Loading configuration for plugin 'builtin-history', type taskGo
2020/10/27 12:49:14 Info: Plugin 'builtin-history' has no channel restrictions configured; all channels: true
2020/10/27 12:49:14 Info: Loading configuration for plugin 'builtin-jobcmd', type taskGo
2020/10/27 12:49:14 Info: Plugin 'builtin-jobcmd' has no channel restrictions configured; all channels: true
2020/10/27 12:49:14 Info: Loading configuration for plugin 'help', type taskGo
2020/10/27 12:49:14 Info: Plugin 'help' has no channel restrictions configured; all channels: true
2020/10/27 12:49:14 Info: Loading configuration for plugin 'links', type taskGo
2020/10/27 12:49:14 Info: Plugin 'links' will be available in channels ["general" "data-jobs"]
2020/10/27 12:49:14 Info: Loading configuration for plugin 'lists', type taskGo
2020/10/27 12:49:14 Info: Plugin 'lists' will be available in channels ["general" "data-jobs"]
2020/10/27 12:49:14 Info: Loading configuration for plugin 'builtin-dmadmin', type taskGo
2020/10/27 12:49:14 Info: Plugin 'builtin-dmadmin' will be available in channels ["general" "data-jobs"]
2020/10/27 12:49:14 Info: Loading configuration for plugin 'builtin-help', type taskGo
2020/10/27 12:49:14 Info: Plugin 'builtin-help' has no channel restrictions configured; all channels: true
2020/10/27 12:49:14 Info: Loading configuration for plugin 'ping', type taskGo
2020/10/27 12:49:14 Info: Plugin 'ping' has no channel restrictions configured; all channels: true
2020/10/27 12:49:14 Info: Loading configuration for job 'pause-notifies', type taskGo
2020/10/27 12:49:14 Info: Job 'pause-notifies' will run in channel 'general'
2020/10/27 12:49:14 Info: Loading configuration for plugin 'accord', type taskExternal
2020/10/27 12:49:14 Info: Plugin 'accord' will be available in channels ["general" "data-jobs"]
2020/10/27 12:49:14 Info: Loading configuration for plugin 'admin', type taskExternal
2020/10/27 12:49:14 Info: Plugin 'admin' has no channel restrictions configured; all channels: true
2020/10/27 12:49:14 Info: Loading configuration for plugin 'bootstrap', type taskExternal
2020/10/27 12:49:14 Info: Plugin 'bootstrap' will be available in channels ["general" "data-jobs"]
2020/10/27 12:49:14 Info: Loading configuration for plugin 'citools', type taskExternal
2020/10/27 12:49:14 Info: Plugin 'citools' will be available in channels ["general" "data-jobs"]
2020/10/27 12:49:14 Info: Loading configuration for plugin 'ssh-admin', type taskExternal
2020/10/27 12:49:14 Info: Plugin 'ssh-admin' will be available in channels ["general" "data-jobs"]
2020/10/27 12:49:14 Info: Loading configuration for job 'backup', type taskExternal
2020/10/27 12:49:14 Info: Job 'backup' will run in channel 'general'
2020/10/27 12:49:14 Info: Loading configuration for job 'gopherci', type taskExternal
2020/10/27 12:49:14 Info: Job 'gopherci' will run in channel 'general'
2020/10/27 12:49:14 Info: Loading configuration for job 'localbuild', type taskExternal
2020/10/27 12:49:14 Info: Job 'localbuild' will run in channel 'general'
2020/10/27 12:49:14 Info: Loading configuration for job 'logrotate', type taskExternal
2020/10/27 12:49:14 Info: Job 'logrotate' will run in channel 'general'
2020/10/27 12:49:14 Info: Loading configuration for job 'restore', type taskExternal
2020/10/27 12:49:14 Info: Job 'restore' will run in channel 'general'
2020/10/27 12:49:14 Info: Loading configuration for job 'save', type taskExternal
2020/10/27 12:49:14 Info: Job 'save' will run in channel 'general'
2020/10/27 12:49:14 Info: Loading configuration for job 'ssh-job', type taskExternal
2020/10/27 12:49:14 Info: Job 'ssh-job' will run in channel 'general'
2020/10/27 12:49:14 Info: Loading configuration for job 'updatecfg', type taskExternal
2020/10/27 12:49:14 Info: Job 'updatecfg' will run in channel 'general'
2020/10/27 12:49:14 Info: Initialized file-backed brain with memories directory: 'state/brain'
2020/10/27 12:49:14 Info: Initialized brain provider 'file'
2020/10/27 12:49:14 Info: Listening for external plugin connections on http://127.0.0.1:37975
2020/10/27 12:49:14 Info: Set timezone: America/New_York
2020/10/27 12:49:14 Info: Loading configuration for plugin 'help', type taskGo
2020/10/27 12:49:14 Info: Plugin 'help' has no channel restrictions configured; all channels: true
2020/10/27 12:49:14 Info: Loading configuration for plugin 'links', type taskGo
2020/10/27 12:49:14 Info: Plugin 'links' will be available in channels ["general" "data-jobs"]
2020/10/27 12:49:14 Info: Loading configuration for plugin 'lists', type taskGo
2020/10/27 12:49:14 Info: Plugin 'lists' will be available in channels ["general" "data-jobs"]
2020/10/27 12:49:14 Info: Loading configuration for plugin 'builtin-dmadmin', type taskGo
2020/10/27 12:49:14 Info: Plugin 'builtin-dmadmin' will be available in channels ["general" "data-jobs"]
2020/10/27 12:49:14 Info: Loading configuration for plugin 'builtin-help', type taskGo
2020/10/27 12:49:14 Info: Plugin 'builtin-help' has no channel restrictions configured; all channels: true
2020/10/27 12:49:14 Info: Loading configuration for plugin 'builtin-admin', type taskGo
2020/10/27 12:49:14 Info: Plugin 'builtin-admin' has no channel restrictions configured; all channels: true
2020/10/27 12:49:14 Info: Loading configuration for plugin 'builtin-history', type taskGo
2020/10/27 12:49:14 Info: Plugin 'builtin-history' has no channel restrictions configured; all channels: true
2020/10/27 12:49:14 Info: Loading configuration for plugin 'builtin-jobcmd', type taskGo
2020/10/27 12:49:14 Info: Plugin 'builtin-jobcmd' has no channel restrictions configured; all channels: true
2020/10/27 12:49:14 Info: Loading configuration for plugin 'ping', type taskGo
2020/10/27 12:49:14 Info: Plugin 'ping' has no channel restrictions configured; all channels: true
2020/10/27 12:49:14 Info: Loading configuration for plugin 'builtin-logging', type taskGo
2020/10/27 12:49:14 Info: Plugin 'builtin-logging' will be available in channels ["general" "data-jobs"]
2020/10/27 12:49:14 Info: Loading configuration for job 'pause-notifies', type taskGo
2020/10/27 12:49:14 Info: Job 'pause-notifies' will run in channel 'general'
2020/10/27 12:49:14 Info: Loading configuration for plugin 'admin', type taskExternal
2020/10/27 12:49:14 Info: Plugin 'admin' has no channel restrictions configured; all channels: true
2020/10/27 12:49:14 Info: Loading configuration for plugin 'bootstrap', type taskExternal
2020/10/27 12:49:14 Info: Plugin 'bootstrap' will be available in channels ["general" "data-jobs"]
2020/10/27 12:49:14 Info: Loading configuration for plugin 'citools', type taskExternal
2020/10/27 12:49:14 Info: Plugin 'citools' will be available in channels ["general" "data-jobs"]
2020/10/27 12:49:14 Info: Loading configuration for plugin 'ssh-admin', type taskExternal
2020/10/27 12:49:14 Info: Plugin 'ssh-admin' will be available in channels ["general" "data-jobs"]
2020/10/27 12:49:14 Info: Loading configuration for plugin 'accord', type taskExternal
2020/10/27 12:49:14 Info: Plugin 'accord' will be available in channels ["general" "data-jobs"]
2020/10/27 12:49:14 Info: Loading configuration for job 'updatecfg', type taskExternal
2020/10/27 12:49:14 Info: Job 'updatecfg' will run in channel 'general'
2020/10/27 12:49:14 Info: Loading configuration for job 'backup', type taskExternal
2020/10/27 12:49:14 Info: Job 'backup' will run in channel 'general'
2020/10/27 12:49:14 Info: Loading configuration for job 'gopherci', type taskExternal
2020/10/27 12:49:14 Info: Job 'gopherci' will run in channel 'general'
2020/10/27 12:49:14 Info: Loading configuration for job 'localbuild', type taskExternal
2020/10/27 12:49:14 Info: Job 'localbuild' will run in channel 'general'
2020/10/27 12:49:14 Info: Loading configuration for job 'logrotate', type taskExternal
2020/10/27 12:49:14 Info: Job 'logrotate' will run in channel 'general'
2020/10/27 12:49:14 Info: Loading configuration for job 'restore', type taskExternal
2020/10/27 12:49:14 Info: Job 'restore' will run in channel 'general'
2020/10/27 12:49:14 Info: Loading configuration for job 'save', type taskExternal
2020/10/27 12:49:14 Info: Job 'save' will run in channel 'general'
2020/10/27 12:49:14 Info: Loading configuration for job 'ssh-job', type taskExternal
2020/10/27 12:49:14 Info: Job 'ssh-job' will run in channel 'general'
2020/10/27 12:49:14 Info: Scheduling tasks in TimeZone: America/New_York
2020/10/27 12:49:14 Info: Initializing plugin: help
2020/10/27 12:49:14 Info: Initializing plugin: links
2020/10/27 12:49:14 Info: Initializing plugin: lists
2020/10/27 12:49:14 Info: Initializing plugin: builtin-dmadmin
2020/10/27 12:49:14 Info: Initializing plugin: builtin-help
2020/10/27 12:49:14 Info: Initializing plugin: builtin-admin
2020/10/27 12:49:14 Info: Initializing plugin: builtin-history
2020/10/27 12:49:14 Info: Initializing plugin: builtin-jobcmd
2020/10/27 12:49:14 Info: Initializing plugin: ping
2020/10/27 12:49:14 Info: Initializing plugin: builtin-logging
2020/10/27 12:49:14 Info: Initializing plugin: admin
2020/10/27 12:49:14 Info: Initializing plugin: bootstrap
2020/10/27 12:49:14 Info: Initializing plugin: citools
2020/10/27 12:49:14 Info: Initializing plugin: ssh-admin
2020/10/27 12:49:14 Info: Initializing plugin: accord
2020/10/27 12:49:14 Info: Robot is initialized and running
